[debug] [2026-03-04T07:04:52.295Z] ----------------------------------------------------------------------
[debug] [2026-03-04T07:04:52.297Z] Command:       /opt/homebrew/Cellar/node/24.4.1/bin/node /opt/homebrew/bin/firebase init
[debug] [2026-03-04T07:04:52.297Z] CLI Version:   15.8.0
[debug] [2026-03-04T07:04:52.297Z] Platform:      darwin
[debug] [2026-03-04T07:04:52.297Z] Node Version:  v24.4.1
[debug] [2026-03-04T07:04:52.297Z] Time:          Tue Mar 03 2026 23:04:52 GMT-0800 (Pacific Standard Time)
[debug] [2026-03-04T07:04:52.297Z] ----------------------------------------------------------------------
[debug] 
[info] 
     ######## #### ########  ######## ########     ###     ######  ########
     ##        ##  ##     ## ##       ##     ##  ##   ##  ##       ##
     ######    ##  ########  ######   ########  #########  ######  ######
     ##        ##  ##    ##  ##       ##     ## ##     ##       ## ##
     ##       #### ##     ## ######## ########  ##     ##  ######  ########

You're about to initialize a Firebase project in this directory:

  /Users/isaiahjenkins/Documents/MealsToGo

Before we get started, keep in mind:

  * You are initializing within an existing Firebase project directory

[info] 
=== Project Setup
[info] 
[info] First, let's associate this project directory with a Firebase project.
[info] You can create multiple project aliases by running firebase use --add, 
[info] 
[debug] [2026-03-04T07:04:56.522Z] > command requires scopes: ["email","openid","https://www.googleapis.com/auth/cloudplatformprojects.readonly","https://www.googleapis.com/auth/firebase","https://www.googleapis.com/auth/cloud-platform"]
[debug] [2026-03-04T07:04:56.523Z] > authorizing via signed-in user (ij27900@gmail.com)
[debug] [2026-03-04T07:04:56.524Z] Checked if tokens are valid: true, expires at: 1772611241660
[debug] [2026-03-04T07:04:56.524Z] Checked if tokens are valid: true, expires at: 1772611241660
[debug] [2026-03-04T07:04:56.525Z] >>> [apiv2][query] GET https://firebase.googleapis.com/v1beta1/projects/mealstogo-52272 [none]
[debug] [2026-03-04T07:04:56.829Z] <<< [apiv2][status] GET https://firebase.googleapis.com/v1beta1/projects/mealstogo-52272 200
[debug] [2026-03-04T07:04:56.829Z] <<< [apiv2][body] GET https://firebase.googleapis.com/v1beta1/projects/mealstogo-52272 {"projectId":"mealstogo-52272","projectNumber":"58334698880","displayName":"MealsToGo","name":"projects/mealstogo-52272","resources":{"hostingSite":"mealstogo-52272"},"state":"ACTIVE","etag":"1_854e00e0-6a14-429e-a083-2e9748da3562"}
[info] i  Using project mealstogo-52272 (MealsToGo) . 
[info] 
=== Functions Setup
[debug] [2026-03-04T07:04:56.842Z] > command requires scopes: ["email","openid","https://www.googleapis.com/auth/cloudplatformprojects.readonly","https://www.googleapis.com/auth/firebase","https://www.googleapis.com/auth/cloud-platform"]
[debug] [2026-03-04T07:04:56.842Z] > authorizing via signed-in user (ij27900@gmail.com)
[debug] [2026-03-04T07:04:56.842Z] [iam] checking project mealstogo-52272 for permissions ["firebase.projects.get"]
[debug] [2026-03-04T07:04:56.843Z] Checked if tokens are valid: true, expires at: 1772611241660
[debug] [2026-03-04T07:04:56.843Z] Checked if tokens are valid: true, expires at: 1772611241660
[debug] [2026-03-04T07:04:56.843Z] >>> [apiv2][query] POST https://cloudresourcemanager.googleapis.com/v1/projects/mealstogo-52272:testIamPermissions [none]
[debug] [2026-03-04T07:04:56.843Z] >>> [apiv2][(partial)header] POST https://cloudresourcemanager.googleapis.com/v1/projects/mealstogo-52272:testIamPermissions  x-goog-user-project=mealstogo-52272
[debug] [2026-03-04T07:04:56.843Z] >>> [apiv2][body] POST https://cloudresourcemanager.googleapis.com/v1/projects/mealstogo-52272:testIamPermissions {"permissions":["firebase.projects.get"]}
[debug] [2026-03-04T07:04:57.111Z] <<< [apiv2][status] POST https://cloudresourcemanager.googleapis.com/v1/projects/mealstogo-52272:testIamPermissions 200
[debug] [2026-03-04T07:04:57.111Z] <<< [apiv2][body] POST https://cloudresourcemanager.googleapis.com/v1/projects/mealstogo-52272:testIamPermissions {"permissions":["firebase.projects.get"]}
[info] 
Detected existing codebase(s): default

[info] Let's create a new codebase for your functions.
[info] A directory corresponding to the codebase will be created in your project
[info] with sample code pre-configured.

[info] See https://firebase.google.com/docs/functions/organize-functions for
[info] more information on organizing your functions using codebases.

[info] Functions can be deployed with firebase deploy.

[debug] [2026-03-04T07:05:34.124Z] ExitPromptError: User force closed the prompt with SIGINT
    at Interface.sigint (/opt/homebrew/lib/node_modules/firebase-tools/node_modules/@inquirer/core/dist/commonjs/lib/create-prompt.js:101:37)
    at Interface.emit (node:events:507:28)
    at [_ttyWrite] [as _ttyWrite] (node:internal/readline/interface:1315:18)
    at ReadStream.onkeypress (node:internal/readline/interface:284:20)
    at ReadStream.emit (node:events:519:35)
    at emitKeys (node:internal/readline/utils:371:14)
    at emitKeys.next (<anonymous>)
    at ReadStream.onData (node:internal/readline/emitKeypressEvents:64:36)
    at ReadStream.emit (node:events:507:28)
    at addChunk (node:internal/streams/readable:559:12)
[error] 
[error] Error: An unexpected error has occurred.
[debug] [2026-03-06T14:17:48.500Z] ----------------------------------------------------------------------
[debug] [2026-03-06T14:17:48.505Z] Command:       /opt/homebrew/Cellar/node/25.7.0/bin/node /opt/homebrew/bin/firebase deploy --only functions
[debug] [2026-03-06T14:17:48.506Z] CLI Version:   15.8.0
[debug] [2026-03-06T14:17:48.506Z] Platform:      darwin
[debug] [2026-03-06T14:17:48.506Z] Node Version:  v25.7.0
[debug] [2026-03-06T14:17:48.506Z] Time:          Fri Mar 06 2026 06:17:48 GMT-0800 (Pacific Standard Time)
[debug] [2026-03-06T14:17:48.506Z] ----------------------------------------------------------------------
[debug] 
[debug] [2026-03-06T14:17:48.507Z] >>> [apiv2][query] GET https://firebase-public.firebaseio.com/cli.json [none]
[debug] [2026-03-06T14:17:49.333Z] > command requires scopes: ["email","openid","https://www.googleapis.com/auth/cloudplatformprojects.readonly","https://www.googleapis.com/auth/firebase","https://www.googleapis.com/auth/cloud-platform"]
[debug] [2026-03-06T14:17:49.334Z] > authorizing via signed-in user (ij27900@gmail.com)
[debug] [2026-03-06T14:17:49.334Z] [iam] checking project mealstogo-52272 for permissions ["cloudfunctions.functions.create","cloudfunctions.functions.delete","cloudfunctions.functions.get","cloudfunctions.functions.list","cloudfunctions.functions.update","cloudfunctions.operations.get","firebase.projects.get"]
[debug] [2026-03-06T14:17:49.334Z] Checked if tokens are valid: false, expires at: 1772692326636
[debug] [2026-03-06T14:17:49.334Z] Checked if tokens are valid: false, expires at: 1772692326636
[debug] [2026-03-06T14:17:49.334Z] > refreshing access token with scopes: []
[debug] [2026-03-06T14:17:49.335Z] >>> [apiv2][query] POST https://www.googleapis.com/oauth2/v3/token [none]
[debug] [2026-03-06T14:17:49.335Z] >>> [apiv2][body] POST https://www.googleapis.com/oauth2/v3/token [omitted]
[debug] [2026-03-06T14:17:49.605Z] <<< [apiv2][status] GET https://firebase-public.firebaseio.com/cli.json 200
[debug] [2026-03-06T14:17:49.605Z] <<< [apiv2][body] GET https://firebase-public.firebaseio.com/cli.json {"cloudBuildErrorAfter":1594252800000,"cloudBuildWarnAfter":1590019200000,"defaultNode10After":1594252800000,"minVersion":"3.0.5","node8DeploysDisabledAfter":1613390400000,"node8RuntimeDisabledAfter":1615809600000,"node8WarnAfter":1600128000000}
[debug] [2026-03-06T14:17:49.623Z] <<< [apiv2][status] POST https://www.googleapis.com/oauth2/v3/token 200
[debug] [2026-03-06T14:17:49.623Z] <<< [apiv2][body] POST https://www.googleapis.com/oauth2/v3/token [omitted]
[debug] [2026-03-06T14:17:49.636Z] >>> [apiv2][query] POST https://cloudresourcemanager.googleapis.com/v1/projects/mealstogo-52272:testIamPermissions [none]
[debug] [2026-03-06T14:17:49.636Z] >>> [apiv2][(partial)header] POST https://cloudresourcemanager.googleapis.com/v1/projects/mealstogo-52272:testIamPermissions  x-goog-user-project=mealstogo-52272
[debug] [2026-03-06T14:17:49.636Z] >>> [apiv2][body] POST https://cloudresourcemanager.googleapis.com/v1/projects/mealstogo-52272:testIamPermissions {"permissions":["cloudfunctions.functions.create","cloudfunctions.functions.delete","cloudfunctions.functions.get","cloudfunctions.functions.list","cloudfunctions.functions.update","cloudfunctions.operations.get","firebase.projects.get"]}
[debug] [2026-03-06T14:17:49.910Z] <<< [apiv2][status] POST https://cloudresourcemanager.googleapis.com/v1/projects/mealstogo-52272:testIamPermissions 200
[debug] [2026-03-06T14:17:49.910Z] <<< [apiv2][body] POST https://cloudresourcemanager.googleapis.com/v1/projects/mealstogo-52272:testIamPermissions {"permissions":["cloudfunctions.functions.create","cloudfunctions.functions.delete","cloudfunctions.functions.get","cloudfunctions.functions.list","cloudfunctions.functions.update","cloudfunctions.operations.get","firebase.projects.get"]}
[debug] [2026-03-06T14:17:49.911Z] Checked if tokens are valid: true, expires at: 1772810268623
[debug] [2026-03-06T14:17:49.911Z] Checked if tokens are valid: true, expires at: 1772810268623
[debug] [2026-03-06T14:17:49.911Z] >>> [apiv2][query] POST https://iam.googleapis.com/v1/projects/mealstogo-52272/serviceAccounts/mealstogo-52272@appspot.gserviceaccount.com:testIamPermissions [none]
[debug] [2026-03-06T14:17:49.911Z] >>> [apiv2][body] POST https://iam.googleapis.com/v1/projects/mealstogo-52272/serviceAccounts/mealstogo-52272@appspot.gserviceaccount.com:testIamPermissions {"permissions":["iam.serviceAccounts.actAs"]}
[debug] [2026-03-06T14:17:50.233Z] <<< [apiv2][status] POST https://iam.googleapis.com/v1/projects/mealstogo-52272/serviceAccounts/mealstogo-52272@appspot.gserviceaccount.com:testIamPermissions 200
[debug] [2026-03-06T14:17:50.234Z] <<< [apiv2][body] POST https://iam.googleapis.com/v1/projects/mealstogo-52272/serviceAccounts/mealstogo-52272@appspot.gserviceaccount.com:testIamPermissions {"permissions":["iam.serviceAccounts.actAs"]}
[info] 
[info] === Deploying to 'mealstogo-52272'...
[info] 
[info] i  deploying functions 
[debug] [2026-03-06T14:17:50.240Z] Checked if tokens are valid: true, expires at: 1772810268623
[debug] [2026-03-06T14:17:50.240Z] Checked if tokens are valid: true, expires at: 1772810268623
[debug] [2026-03-06T14:17:50.240Z] >>> [apiv2][query] GET https://cloudresourcemanager.googleapis.com/v1/projects/mealstogo-52272 [none]
[debug] [2026-03-06T14:17:50.375Z] <<< [apiv2][status] GET https://cloudresourcemanager.googleapis.com/v1/projects/mealstogo-52272 200
[debug] [2026-03-06T14:17:50.376Z] <<< [apiv2][body] GET https://cloudresourcemanager.googleapis.com/v1/projects/mealstogo-52272 {"projectNumber":"58334698880","projectId":"mealstogo-52272","lifecycleState":"ACTIVE","name":"MealsToGo","labels":{"firebase":"enabled"},"createTime":"2022-01-10T20:03:49.535Z"}
[info] i  functions: preparing codebase default for deployment 
[info] i  functions: ensuring required API cloudfunctions.googleapis.com is enabled... 
[info] i  functions: ensuring required API cloudbuild.googleapis.com is enabled... 
[info] i  artifactregistry: ensuring required API artifactregistry.googleapis.com is enabled... 
[debug] [2026-03-06T14:17:50.378Z] Checked if tokens are valid: true, expires at: 1772810268623
[debug] [2026-03-06T14:17:50.378Z] Checked if tokens are valid: true, expires at: 1772810268623
[debug] [2026-03-06T14:17:50.378Z] >>> [apiv2][query] GET https://firebase.googleapis.com/v1beta1/projects/mealstogo-52272/adminSdkConfig [none]
[debug] [2026-03-06T14:17:50.757Z] <<< [apiv2][status] GET https://firebase.googleapis.com/v1beta1/projects/mealstogo-52272/adminSdkConfig 200
[debug] [2026-03-06T14:17:50.758Z] <<< [apiv2][body] GET https://firebase.googleapis.com/v1beta1/projects/mealstogo-52272/adminSdkConfig {"projectId":"mealstogo-52272","storageBucket":"mealstogo-52272.firebasestorage.app"}
[debug] [2026-03-06T14:17:50.761Z] Validating nodejs source
[warn] ⚠  functions: package.json indicates an outdated version of firebase-functions. Please upgrade using npm install --save firebase-functions@latest in your functions directory. 
[debug] [2026-03-06T14:17:51.433Z] > [functions] package.json contents: {
  "name": "functions",
  "description": "Cloud Functions for Firebase",
  "scripts": {
    "serve": "firebase emulators:start --only functions",
    "shell": "firebase functions:shell",
    "start": "npm run shell",
    "deploy": "firebase deploy --only functions",
    "logs": "firebase functions:log"
  },
  "engines": {
    "node": "22",
    "yarn": ">= 3.0.0"
  },
  "main": "index.js",
  "dependencies": {
    "@google-cloud/functions-framework": "5.0.2",
    "@googlemaps/google-maps-services-js": "^3.3.7",
    "firebase-admin": "^13.7.0",
    "firebase-functions": "^7.0.6",
    "stripe": "^12.4.0"
  },
  "devDependencies": {
    "firebase-functions-test": "^0.2.0"
  },
  "private": true
}
[debug] [2026-03-06T14:17:51.433Z] Building nodejs source
[info] i  functions: Loading and analyzing source code for codebase default to determine what to deploy 
[debug] [2026-03-06T14:17:51.434Z] Could not find functions.yaml. Must use http discovery
[debug] [2026-03-06T14:17:51.439Z] Found firebase-functions binary at '/Users/isaiahjenkins/Documents/MealsToGo/functions/node_modules/.bin/firebase-functions'
[info] Serving at port 8712

[debug] [2026-03-06T14:17:51.813Z] Got response from /__/functions.yaml {"endpoints":{"geocode":{"availableMemoryMb":null,"timeoutSeconds":null,"minInstances":null,"maxInstances":null,"ingressSettings":null,"concurrency":null,"serviceAccountEmail":null,"vpc":null,"platform":"gcfv2","secretEnvironmentVariables":[{"key":"RUNTIME_CONFIG"}],"labels":{},"httpsTrigger":{},"entryPoint":"geocode"},"placesNearby":{"availableMemoryMb":null,"timeoutSeconds":null,"minInstances":null,"maxInstances":null,"ingressSettings":null,"concurrency":null,"serviceAccountEmail":null,"vpc":null,"platform":"gcfv2","secretEnvironmentVariables":[{"key":"RUNTIME_CONFIG"}],"labels":{},"httpsTrigger":{},"entryPoint":"placesNearby"},"pay":{"availableMemoryMb":null,"timeoutSeconds":null,"minInstances":null,"maxInstances":null,"ingressSettings":null,"concurrency":null,"serviceAccountEmail":null,"vpc":null,"platform":"gcfv2","secretEnvironmentVariables":[{"key":"RUNTIME_CONFIG"}],"labels":{},"httpsTrigger":{},"entryPoint":"pay"}},"specVersion":"v1alpha1","requiredAPIs":[],"extensions":{},"params":[{"type":"secret","name":"RUNTIME_CONFIG","format":"json"}]}
